<?xml version="1.0" encoding="UTF-8"?>
<testsuite name="com.bridgelabz.maxanalyser.MaximumAnalyserTest" tests="1" skipped="0" failures="0" errors="0" timestamp="2020-04-04T06:56:41" hostname="ganesh-X555LD" time="0.002">
  <properties/>
  <testcase name="givenThreeIntegers_findMax_atFirstPosition" classname="com.bridgelabz.maxanalyser.MaximumAnalyserTest" time="0.002"/>
  <system-out><![CDATA[]]></system-out>
  <system-err><![CDATA[]]></system-err>
</testsuite>
